
  .   ____          _            __ _ _
 /\\ / ___'_ __ _ _(_)_ __  __ _ \ \ \ \
( ( )\___ | '_ | '_| | '_ \/ _` | \ \ \ \
 \\/  ___)| |_)| | | | | || (_| |  ) ) ) )
  '  |____| .__|_| |_|_| |_\__, | / / / /
 =========|_|==============|___/=/_/_/_/
 :: Spring Boot ::                (v3.2.0)

2025-11-06T12:26:25.615-05:00  INFO 22520 --- [           main] com.academy.Application                  : Starting Application v0.0.1-SNAPSHOT using Java 17.0.12 with PID 22520 (C:\Users\user\Documents\sofka\academy-auto\backend\build\libs\academy-backend-0.0.1-SNAPSHOT.jar started by ParceGer in C:\Users\user\Documents\sofka\academy-auto\backend)
2025-11-06T12:26:25.623-05:00  INFO 22520 --- [           main] com.academy.Application                  : No active profile set, falling back to 1 default profile: "default"
2025-11-06T12:26:28.569-05:00  INFO 22520 --- [           main] .s.d.r.c.RepositoryConfigurationDelegate : Bootstrapping Spring Data JPA repositories in DEFAULT mode.
2025-11-06T12:26:28.717-05:00  INFO 22520 --- [           main] .s.d.r.c.RepositoryConfigurationDelegate : Finished Spring Data repository scanning in 127 ms. Found 3 JPA repository interfaces.
2025-11-06T12:26:30.329-05:00  INFO 22520 --- [           main] o.s.b.w.embedded.tomcat.TomcatWebServer  : Tomcat initialized with port 8080 (http)
2025-11-06T12:26:30.354-05:00  INFO 22520 --- [           main] o.apache.catalina.core.StandardService   : Starting service [Tomcat]
2025-11-06T12:26:30.355-05:00  INFO 22520 --- [           main] o.apache.catalina.core.StandardEngine    : Starting Servlet engine: [Apache Tomcat/10.1.16]
2025-11-06T12:26:30.472-05:00  INFO 22520 --- [           main] o.a.c.c.C.[Tomcat].[localhost].[/]       : Initializing Spring embedded WebApplicationContext
2025-11-06T12:26:30.478-05:00  INFO 22520 --- [           main] w.s.c.ServletWebServerApplicationContext : Root WebApplicationContext: initialization completed in 4597 ms
2025-11-06T12:26:30.579-05:00  INFO 22520 --- [           main] com.zaxxer.hikari.HikariDataSource       : HikariPool-1 - Starting...
2025-11-06T12:26:31.284-05:00  INFO 22520 --- [           main] com.zaxxer.hikari.pool.HikariPool        : HikariPool-1 - Added connection conn0: url=jdbc:h2:mem:academydb user=SA
2025-11-06T12:26:31.298-05:00  INFO 22520 --- [           main] com.zaxxer.hikari.HikariDataSource       : HikariPool-1 - Start completed.
2025-11-06T12:26:31.344-05:00  INFO 22520 --- [           main] o.s.b.a.h2.H2ConsoleAutoConfiguration    : H2 console available at '/h2-console'. Database available at 'jdbc:h2:mem:academydb'
2025-11-06T12:26:34.797-05:00  INFO 22520 --- [           main] o.hibernate.jpa.internal.util.LogHelper  : HHH000204: Processing PersistenceUnitInfo [name: default]
2025-11-06T12:26:35.232-05:00  INFO 22520 --- [           main] org.hibernate.Version                    : HHH000412: Hibernate ORM core version 6.3.1.Final
2025-11-06T12:26:35.677-05:00  INFO 22520 --- [           main] o.h.c.internal.RegionFactoryInitiator    : HHH000026: Second-level cache disabled
2025-11-06T12:26:36.980-05:00  INFO 22520 --- [           main] o.s.o.j.p.SpringPersistenceUnitInfo      : No LoadTimeWeaver setup: ignoring JPA class transformer
2025-11-06T12:26:37.135-05:00  WARN 22520 --- [           main] org.hibernate.orm.deprecation            : HHH90000025: H2Dialect does not need to be specified explicitly using 'hibernate.dialect' (remove the property setting and it will be selected by default)
2025-11-06T12:26:38.785-05:00  INFO 22520 --- [           main] o.h.e.t.j.p.i.JtaPlatformInitiator       : HHH000489: No JTA platform available (set 'hibernate.transaction.jta.platform' to enable JTA platform integration)
Hibernate: create table course (id bigint generated by default as identity, category varchar(255), level varchar(255), title varchar(255), primary key (id))
Hibernate: create table enrollment (id bigint generated by default as identity, course_id bigint not null, student_id bigint not null, primary key (id))
Hibernate: create table users (id bigint generated by default as identity, password varchar(255) not null, role varchar(255) not null, username varchar(255) not null, primary key (id))
Hibernate: alter table if exists users drop constraint if exists UK_r43af9ap4edm43mmtq01oddj6
Hibernate: alter table if exists users add constraint UK_r43af9ap4edm43mmtq01oddj6 unique (username)
Hibernate: alter table if exists enrollment add constraint FKbhhcqkw1px6yljqg92m0sh2gt foreign key (course_id) references course
Hibernate: alter table if exists enrollment add constraint FKl16dtl7cgm3p2kfip5pml5jsh foreign key (student_id) references users
2025-11-06T12:26:38.902-05:00  INFO 22520 --- [           main] j.LocalContainerEntityManagerFactoryBean : Initialized JPA EntityManagerFactory for persistence unit 'default'
2025-11-06T12:26:40.202-05:00  WARN 22520 --- [           main] JpaBaseConfiguration$JpaWebConfiguration : spring.jpa.open-in-view is enabled by default. Therefore, database queries may be performed during view rendering. Explicitly configure spring.jpa.open-in-view to disable this warning
2025-11-06T12:26:40.886-05:00  INFO 22520 --- [           main] o.s.s.web.DefaultSecurityFilterChain     : Will secure any request with [org.springframework.security.web.session.DisableEncodeUrlFilter@3dfaa1e4, org.springframework.security.web.context.request.async.WebAsyncManagerIntegrationFilter@796a7c9, org.springframework.security.web.context.SecurityContextHolderFilter@36570936, org.springframework.security.web.header.HeaderWriterFilter@188532da, org.springframework.web.filter.CorsFilter@44cab872, org.springframework.security.web.authentication.logout.LogoutFilter@389a9ff6, org.springframework.security.web.savedrequest.RequestCacheAwareFilter@c7d173f, org.springframework.security.web.servletapi.SecurityContextHolderAwareRequestFilter@12f12744, org.springframework.security.web.authentication.AnonymousAuthenticationFilter@452a32f2, org.springframework.security.web.access.ExceptionTranslationFilter@43c64d6f, org.springframework.security.web.access.intercept.AuthorizationFilter@7d28efd5]
2025-11-06T12:26:42.122-05:00  INFO 22520 --- [           main] o.s.b.w.embedded.tomcat.TomcatWebServer  : Tomcat started on port 8080 (http) with context path ''
2025-11-06T12:26:42.327-05:00  INFO 22520 --- [           main] com.academy.Application                  : Started Application in 17.965 seconds (process running for 19.721)
2025-11-06T12:26:42.707-05:00  INFO 22520 --- [nio-8080-exec-2] o.a.c.c.C.[Tomcat].[localhost].[/]       : Initializing Spring DispatcherServlet 'dispatcherServlet'
2025-11-06T12:26:42.709-05:00  INFO 22520 --- [nio-8080-exec-2] o.s.web.servlet.DispatcherServlet        : Initializing Servlet 'dispatcherServlet'
2025-11-06T12:26:42.713-05:00  INFO 22520 --- [nio-8080-exec-2] o.s.web.servlet.DispatcherServlet        : Completed initialization in 4 ms
2025-11-06T12:26:42.839-05:00  WARN 22520 --- [nio-8080-exec-2] o.s.w.s.h.HandlerMappingIntrospector     : Cache miss for REQUEST dispatch to '/swagger-ui.html' (previous null). Performing CorsConfiguration lookup. This is logged once only at WARN level, and every time at TRACE.
Hibernate: select count(*) from course c1_0
Hibernate: insert into course (category,level,title,id) values (?,?,?,default)
Hibernate: insert into course (category,level,title,id) values (?,?,?,default)
Hibernate: insert into course (category,level,title,id) values (?,?,?,default)
Hibernate: insert into course (category,level,title,id) values (?,?,?,default)
Hibernate: insert into course (category,level,title,id) values (?,?,?,default)
Hibernate: insert into course (category,level,title,id) values (?,?,?,default)
Hibernate: insert into course (category,level,title,id) values (?,?,?,default)
Hibernate: select count(*) from users u1_0
Hibernate: insert into users (password,role,username,id) values (?,?,?,default)
Hibernate: insert into users (password,role,username,id) values (?,?,?,default)
2025-11-06T12:26:48.545-05:00  INFO 22520 --- [nio-8080-exec-8] o.springdoc.api.AbstractOpenApiResource  : Init duration for springdoc-openapi is: 1147 ms
Hibernate: select u1_0.id,u1_0.password,u1_0.role,u1_0.username from users u1_0 where u1_0.id=?
Hibernate: insert into users (password,role,username,id) values (?,?,?,default)
Hibernate: select u1_0.id,u1_0.password,u1_0.role,u1_0.username from users u1_0
Hibernate: select u1_0.id,u1_0.password,u1_0.role,u1_0.username from users u1_0 where u1_0.id=?
Hibernate: select u1_0.id,u1_0.password,u1_0.role,u1_0.username from users u1_0 where u1_0.id=?
Hibernate: update users set password=?,role=?,username=? where id=?
Hibernate: select u1_0.id,u1_0.password,u1_0.role,u1_0.username from users u1_0 where u1_0.id=?
Hibernate: update users set password=?,role=?,username=? where id=?
